# JRE version: Java(TM) SE Runtime Environment (8.0_251-b08) (build 1.8.0_251-b08)
# Java VM: Java HotSpot(TM) 64-Bit Server VM (25.251-b08 mixed mode windows-amd64 compressed oops)
Heap:
 PSYoungGen      total 461312K, used 81965K [0x00000000d5a00000, 0x00000000f4880000, 0x0000000100000000)
  eden space 445952K, 18% used [0x00000000d5a00000,0x00000000daa0b460,0x00000000f0d80000)
  from space 15360K, 0% used [0x00000000f1c80000,0x00000000f1c80000,0x00000000f2b80000)
  to   space 15360K, 0% used [0x00000000f0d80000,0x00000000f0d80000,0x00000000f1c80000)
 ParOldGen       total 69120K, used 15960K [0x0000000080e00000, 0x0000000085180000, 0x00000000d5a00000)
  object space 69120K, 23% used [0x0000000080e00000,0x0000000081d96170,0x0000000085180000)
 Metaspace       used 38736K, capacity 40636K, committed 40960K, reserved 1085440K
  class space    used 5153K, capacity 5536K, committed 5632K, reserved 1048576K
GC Heap History (10 events):
Event: 2.555 GC heap before
{Heap before GC invocations=6 (full 1):
 PSYoungGen      total 138240K, used 5094K [0x00000000d5a00000, 0x00000000e7200000, 0x0000000100000000)
  eden space 133120K, 0% used [0x00000000d5a00000,0x00000000d5a00000,0x00000000ddc00000)
  from space 5120K, 99% used [0x00000000ddc00000,0x00000000de0f9950,0x00000000de100000)
  to   space 10240K, 0% used [0x00000000e6800000,0x00000000e6800000,0x00000000e7200000)
 ParOldGen       total 87552K, used 7344K [0x0000000080e00000, 0x0000000086380000, 0x00000000d5a00000)
  object space 87552K, 8% used [0x0000000080e00000,0x000000008152c0b8,0x0000000086380000)
 Metaspace       used 20493K, capacity 21240K, committed 21296K, reserved 1067008K
  class space    used 2728K, capacity 2944K, committed 2944K, reserved 1048576K
Event: 2.614 GC heap after
Heap after GC invocations=6 (full 1):
 PSYoungGen      total 138240K, used 0K [0x00000000d5a00000, 0x00000000e7200000, 0x0000000100000000)
  eden space 133120K, 0% used [0x00000000d5a00000,0x00000000d5a00000,0x00000000ddc00000)
  from space 5120K, 0% used [0x00000000ddc00000,0x00000000ddc00000,0x00000000de100000)
  to   space 10240K, 0% used [0x00000000e6800000,0x00000000e6800000,0x00000000e7200000)
 ParOldGen       total 49664K, used 6039K [0x0000000080e00000, 0x0000000083e80000, 0x00000000d5a00000)
  object space 49664K, 12% used [0x0000000080e00000,0x00000000813e5ff0,0x0000000083e80000)
 Metaspace       used 20493K, capacity 21240K, committed 21296K, reserved 1067008K
  class space    used 2728K, capacity 2944K, committed 2944K, reserved 1048576K
}
Event: 3.582 GC heap before
{Heap before GC invocations=7 (full 1):
 PSYoungGen      total 138240K, used 133120K [0x00000000d5a00000, 0x00000000e7200000, 0x0000000100000000)
  eden space 133120K, 100% used [0x00000000d5a00000,0x00000000ddc00000,0x00000000ddc00000)
  from space 5120K, 0% used [0x00000000ddc00000,0x00000000ddc00000,0x00000000de100000)
  to   space 10240K, 0% used [0x00000000e6800000,0x00000000e6800000,0x00000000e7200000)
 ParOldGen       total 49664K, used 6039K [0x0000000080e00000, 0x0000000083e80000, 0x00000000d5a00000)
  object space 49664K, 12% used [0x0000000080e00000,0x00000000813e5ff0,0x0000000083e80000)
 Metaspace       used 23714K, capacity 24786K, committed 25088K, reserved 1071104K
  class space    used 3234K, capacity 3479K, committed 3584K, reserved 1048576K
Event: 3.589 GC heap after
Heap after GC invocations=7 (full 1):
 PSYoungGen      total 250368K, used 8652K [0x00000000d5a00000, 0x00000000e7080000, 0x0000000100000000)
  eden space 241664K, 0% used [0x00000000d5a00000,0x00000000d5a00000,0x00000000e4600000)
  from space 8704K, 99% used [0x00000000e6800000,0x00000000e7073158,0x00000000e7080000)
  to   space 11264K, 0% used [0x00000000e5a80000,0x00000000e5a80000,0x00000000e6580000)
 ParOldGen       total 49664K, used 6047K [0x0000000080e00000, 0x0000000083e80000, 0x00000000d5a00000)
  object space 49664K, 12% used [0x0000000080e00000,0x00000000813e7ff0,0x0000000083e80000)
 Metaspace       used 23714K, capacity 24786K, committed 25088K, reserved 1071104K
  class space    used 3234K, capacity 3479K, committed 3584K, reserved 1048576K
}
Event: 5.714 GC heap before
{Heap before GC invocations=8 (full 1):
 PSYoungGen      total 250368K, used 250316K [0x00000000d5a00000, 0x00000000e7080000, 0x0000000100000000)
  eden space 241664K, 100% used [0x00000000d5a00000,0x00000000e4600000,0x00000000e4600000)
  from space 8704K, 99% used [0x00000000e6800000,0x00000000e7073158,0x00000000e7080000)
  to   space 11264K, 0% used [0x00000000e5a80000,0x00000000e5a80000,0x00000000e6580000)
 ParOldGen       total 49664K, used 6047K [0x0000000080e00000, 0x0000000083e80000, 0x00000000d5a00000)
  object space 49664K, 12% used [0x0000000080e00000,0x00000000813e7ff0,0x0000000083e80000)
 Metaspace       used 32369K, capacity 34048K, committed 34176K, reserved 1079296K
  class space    used 4373K, capacity 4694K, committed 4736K, reserved 1048576K
Event: 6.235 GC heap after
Heap after GC invocations=8 (full 1):
 PSYoungGen      total 273920K, used 11238K [0x00000000d5a00000, 0x00000000f2b80000, 0x0000000100000000)
  eden space 262656K, 0% used [0x00000000d5a00000,0x00000000d5a00000,0x00000000e5a80000)
  from space 11264K, 99% used [0x00000000e5a80000,0x00000000e6579948,0x00000000e6580000)
  to   space 15360K, 0% used [0x00000000f1c80000,0x00000000f1c80000,0x00000000f2b80000)
 ParOldGen       total 49664K, used 11483K [0x0000000080e00000, 0x0000000083e80000, 0x00000000d5a00000)
  object space 49664K, 23% used [0x0000000080e00000,0x0000000081936e30,0x0000000083e80000)
 Metaspace       used 32369K, capacity 34048K, committed 34176K, reserved 1079296K
  class space    used 4373K, capacity 4694K, committed 4736K, reserved 1048576K
}
Event: 6.675 GC heap before
{Heap before GC invocations=9 (full 1):
 PSYoungGen      total 273920K, used 42735K [0x00000000d5a00000, 0x00000000f2b80000, 0x0000000100000000)
  eden space 262656K, 11% used [0x00000000d5a00000,0x00000000d78c23b0,0x00000000e5a80000)
  from space 11264K, 99% used [0x00000000e5a80000,0x00000000e6579948,0x00000000e6580000)
  to   space 15360K, 0% used [0x00000000f1c80000,0x00000000f1c80000,0x00000000f2b80000)
 ParOldGen       total 49664K, used 11483K [0x0000000080e00000, 0x0000000083e80000, 0x00000000d5a00000)
  object space 49664K, 23% used [0x0000000080e00000,0x0000000081936e30,0x0000000083e80000)
 Metaspace       used 33559K, capacity 35302K, committed 35456K, reserved 1079296K
  class space    used 4537K, capacity 4885K, committed 4992K, reserved 1048576K
Event: 6.683 GC heap after
Heap after GC invocations=9 (full 1):
 PSYoungGen      total 461312K, used 10256K [0x00000000d5a00000, 0x00000000f4880000, 0x0000000100000000)
  eden space 445952K, 0% used [0x00000000d5a00000,0x00000000d5a00000,0x00000000f0d80000)
  from space 15360K, 66% used [0x00000000f1c80000,0x00000000f2684090,0x00000000f2b80000)
  to   space 15360K, 0% used [0x00000000f0d80000,0x00000000f0d80000,0x00000000f1c80000)
 ParOldGen       total 49664K, used 11491K [0x0000000080e00000, 0x0000000083e80000, 0x00000000d5a00000)
  object space 49664K, 23% used [0x0000000080e00000,0x0000000081938e30,0x0000000083e80000)
 Metaspace       used 33559K, capacity 35302K, committed 35456K, reserved 1079296K
  class space    used 4537K, capacity 4885K, committed 4992K, reserved 1048576K
}
Event: 6.683 GC heap before
{Heap before GC invocations=10 (full 2):
 PSYoungGen      total 461312K, used 10256K [0x00000000d5a00000, 0x00000000f4880000, 0x0000000100000000)
  eden space 445952K, 0% used [0x00000000d5a00000,0x00000000d5a00000,0x00000000f0d80000)
  from space 15360K, 66% used [0x00000000f1c80000,0x00000000f2684090,0x00000000f2b80000)
  to   space 15360K, 0% used [0x00000000f0d80000,0x00000000f0d80000,0x00000000f1c80000)
 ParOldGen       total 49664K, used 11491K [0x0000000080e00000, 0x0000000083e80000, 0x00000000d5a00000)
  object space 49664K, 23% used [0x0000000080e00000,0x0000000081938e30,0x0000000083e80000)
 Metaspace       used 33559K, capacity 35302K, committed 35456K, reserved 1079296K
  class space    used 4537K, capacity 4885K, committed 4992K, reserved 1048576K
Event: 6.794 GC heap after
Heap after GC invocations=10 (full 2):
 PSYoungGen      total 461312K, used 0K [0x00000000d5a00000, 0x00000000f4880000, 0x0000000100000000)
  eden space 445952K, 0% used [0x00000000d5a00000,0x00000000d5a00000,0x00000000f0d80000)
  from space 15360K, 0% used [0x00000000f1c80000,0x00000000f1c80000,0x00000000f2b80000)
  to   space 15360K, 0% used [0x00000000f0d80000,0x00000000f0d80000,0x00000000f1c80000)
 ParOldGen       total 69120K, used 15960K [0x0000000080e00000, 0x0000000085180000, 0x00000000d5a00000)
  object space 69120K, 23% used [0x0000000080e00000,0x0000000081d96170,0x0000000085180000)
 Metaspace       used 33559K, capacity 35302K, committed 35456K, reserved 1079296K
  class space    used 4537K, capacity 4885K, committed 4992K, reserved 1048576K
}

